[0518/181712.770:ERROR:process_info.cc(329)] VirtualQueryEx: Access is denied. (0x5)
[0518/181712.770:ERROR:process_info.cc(556)] ReadMemoryInfo failed
[0518/181712.786:ERROR:process_info.cc(329)] VirtualQueryEx: Access is denied. (0x5)
[0518/181712.786:ERROR:process_info.cc(556)] ReadMemoryInfo failed
[0518/181712.786:ERROR:scoped_process_suspend.cc(40)] NtResumeProcess: An attempt was made to access an exiting process. (0xc000010a)
[0518/181712.770:ERROR:scoped_process_suspend.cc(40)] NtResumeProcess: An attempt was made to access an exiting process. (0xc000010a)
[0518/181712.801:ERROR:process_reader_win.cc(123)] NtOpenThread: {Access Denied} A process has requested access to an object, but has not been granted those access rights. (0xc0000022)
[0518/181712.801:ERROR:exception_snapshot_win.cc(98)] thread ID 12000 not found in process
[0731/181126.971:ERROR:process_reader_win.cc(123)] NtOpenThread: {Access Denied} A process has requested access to an object, but has not been granted those access rights. (0xc0000022)
[0731/181126.955:ERROR:process_reader_win.cc(123)] NtOpenThread: {Access Denied} A process has requested access to an object, but has not been granted those access rights. (0xc0000022)
[0731/181126.924:ERROR:process_reader_win.cc(123)] NtOpenThread: {Access Denied} A process has requested access to an object, but has not been granted those access rights. (0xc0000022)
[0731/181126.971:ERROR:process_reader_win.cc(123)] NtOpenThread: {Access Denied} A process has requested access to an object, but has not been granted those access rights. (0xc0000022)
[0731/181126.971:ERROR:exception_snapshot_win.cc(98)] thread ID 13772 not found in process
[0731/181126.971:ERROR:exception_snapshot_win.cc(98)] thread ID 11752 not found in process
[0731/181126.971:ERROR:exception_snapshot_win.cc(98)] thread ID 2596 not found in process
[0731/181126.971:ERROR:exception_snapshot_win.cc(98)] thread ID 9504 not found in process
[0731/181126.987:ERROR:process_reader_win.cc(123)] NtOpenThread: {Access Denied} A process has requested access to an object, but has not been granted those access rights. (0xc0000022)
[0731/181126.987:ERROR:exception_snapshot_win.cc(98)] thread ID 15060 not found in process
[1020/105230.499:ERROR:directory_reader_win.cc(43)] FindFirstFile: The system cannot find the path specified. (0x3)
[1021/072432.504:ERROR:directory_reader_win.cc(43)] FindFirstFile: The system cannot find the path specified. (0x3)
